# JRE version: OpenJDK Runtime Environment Zulu13.40+15-CA (13.0.7+5) (build 13.0.7+5-MTS)
# Java VM: OpenJDK 64-Bit Server VM Zulu13.40+15-CA (13.0.7+5-MTS, mixed mode, tiered, compressed oops, g1 gc, bsd-aarch64)
Heap:
 garbage-first heap   total 58368K, used 35321K [0x00000006c0000000, 0x00000007c0000000)
  region size 1024K, 24 young (24576K), 3 survivors (3072K)
 Metaspace       used 38659K, capacity 39876K, committed 40112K, reserved 1083392K
  class space    used 4807K, capacity 5301K, committed 5376K, reserved 1048576K
GC Heap History (20 events):
Event: 0.657 GC heap before
{Heap before GC invocations=0 (full 0):
 garbage-first heap   total 262144K, used 23552K [0x00000006c0000000, 0x00000007c0000000)
  region size 1024K, 24 young (24576K), 0 survivors (0K)
 Metaspace       used 13412K, capacity 13738K, committed 13824K, reserved 1060864K
  class space    used 1401K, capacity 1526K, committed 1536K, reserved 1048576K
}
Event: 0.661 GC heap after
{Heap after GC invocations=1 (full 0):
 garbage-first heap   total 262144K, used 6062K [0x00000006c0000000, 0x00000007c0000000)
  region size 1024K, 3 young (3072K), 3 survivors (3072K)
 Metaspace       used 13412K, capacity 13738K, committed 13824K, reserved 1060864K
  class space    used 1401K, capacity 1526K, committed 1536K, reserved 1048576K
}
Event: 0.757 GC heap before
{Heap before GC invocations=1 (full 0):
 garbage-first heap   total 262144K, used 24494K [0x00000006c0000000, 0x00000007c0000000)
  region size 1024K, 21 young (21504K), 3 survivors (3072K)
 Metaspace       used 16215K, capacity 16651K, committed 16768K, reserved 1064960K
  class space    used 1771K, capacity 1905K, committed 1920K, reserved 1048576K
}
Event: 0.760 GC heap after
{Heap after GC invocations=2 (full 0):
 garbage-first heap   total 262144K, used 6992K [0x00000006c0000000, 0x00000007c0000000)
  region size 1024K, 1 young (1024K), 1 survivors (1024K)
 Metaspace       used 16215K, capacity 16651K, committed 16768K, reserved 1064960K
  class space    used 1771K, capacity 1905K, committed 1920K, reserved 1048576K
}
Event: 0.955 GC heap before
{Heap before GC invocations=2 (full 0):
 garbage-first heap   total 262144K, used 37712K [0x00000006c0000000, 0x00000007c0000000)
  region size 1024K, 32 young (32768K), 1 survivors (1024K)
 Metaspace       used 20623K, capacity 21199K, committed 21552K, reserved 1069056K
  class space    used 2394K, capacity 2606K, committed 2688K, reserved 1048576K
}
Event: 0.957 GC heap after
{Heap after GC invocations=3 (full 0):
 garbage-first heap   total 262144K, used 7983K [0x00000006c0000000, 0x00000007c0000000)
  region size 1024K, 2 young (2048K), 2 survivors (2048K)
 Metaspace       used 20623K, capacity 21199K, committed 21552K, reserved 1069056K
  class space    used 2394K, capacity 2606K, committed 2688K, reserved 1048576K
}
Event: 1.028 GC heap before
{Heap before GC invocations=4 (full 0):
 garbage-first heap   total 34816K, used 34607K [0x00000006c0000000, 0x00000007c0000000)
  region size 1024K, 28 young (28672K), 2 survivors (2048K)
 Metaspace       used 23714K, capacity 24313K, committed 24496K, reserved 1071104K
  class space    used 2801K, capacity 3026K, committed 3072K, reserved 1048576K
}
Event: 1.029 GC heap after
{Heap after GC invocations=5 (full 0):
 garbage-first heap   total 37888K, used 8490K [0x00000006c0000000, 0x00000007c0000000)
  region size 1024K, 3 young (3072K), 3 survivors (3072K)
 Metaspace       used 23714K, capacity 24313K, committed 24496K, reserved 1071104K
  class space    used 2801K, capacity 3026K, committed 3072K, reserved 1048576K
}
Event: 1.096 GC heap before
{Heap before GC invocations=5 (full 0):
 garbage-first heap   total 37888K, used 26922K [0x00000006c0000000, 0x00000007c0000000)
  region size 1024K, 21 young (21504K), 3 survivors (3072K)
 Metaspace       used 25110K, capacity 25758K, committed 26032K, reserved 1073152K
  class space    used 2998K, capacity 3233K, committed 3328K, reserved 1048576K
}
Event: 1.098 GC heap after
{Heap after GC invocations=6 (full 0):
 garbage-first heap   total 37888K, used 9511K [0x00000006c0000000, 0x00000007c0000000)
  region size 1024K, 3 young (3072K), 3 survivors (3072K)
 Metaspace       used 25110K, capacity 25758K, committed 26032K, reserved 1073152K
  class space    used 2998K, capacity 3233K, committed 3328K, reserved 1048576K
}
Event: 1.124 GC heap before
{Heap before GC invocations=6 (full 0):
 garbage-first heap   total 37888K, used 26919K [0x00000006c0000000, 0x00000007c0000000)
  region size 1024K, 21 young (21504K), 3 survivors (3072K)
 Metaspace       used 25465K, capacity 26177K, committed 26288K, reserved 1073152K
  class space    used 3043K, capacity 3310K, committed 3328K, reserved 1048576K
}
Event: 1.126 GC heap after
{Heap after GC invocations=7 (full 0):
 garbage-first heap   total 37888K, used 9933K [0x00000006c0000000, 0x00000007c0000000)
  region size 1024K, 3 young (3072K), 3 survivors (3072K)
 Metaspace       used 25465K, capacity 26177K, committed 26288K, reserved 1073152K
  class space    used 3043K, capacity 3310K, committed 3328K, reserved 1048576K
}
Event: 1.132 GC heap before
{Heap before GC invocations=7 (full 0):
 garbage-first heap   total 37888K, used 27341K [0x00000006c0000000, 0x00000007c0000000)
  region size 1024K, 21 young (21504K), 3 survivors (3072K)
 Metaspace       used 25611K, capacity 26305K, committed 26544K, reserved 1073152K
  class space    used 3050K, capacity 3310K, committed 3328K, reserved 1048576K
}
Event: 1.134 GC heap after
{Heap after GC invocations=8 (full 0):
 garbage-first heap   total 150528K, used 10021K [0x00000006c0000000, 0x00000007c0000000)
  region size 1024K, 2 young (2048K), 2 survivors (2048K)
 Metaspace       used 25611K, capacity 26305K, committed 26544K, reserved 1073152K
  class space    used 3050K, capacity 3310K, committed 3328K, reserved 1048576K
}
Event: 1.477 GC heap before
{Heap before GC invocations=8 (full 0):
 garbage-first heap   total 150528K, used 82725K [0x00000006c0000000, 0x00000007c0000000)
  region size 1024K, 73 young (74752K), 2 survivors (2048K)
 Metaspace       used 32490K, capacity 33396K, committed 33456K, reserved 1079296K
  class space    used 3965K, capacity 4328K, committed 4352K, reserved 1048576K
}
Event: 1.481 GC heap after
{Heap after GC invocations=9 (full 0):
 garbage-first heap   total 150528K, used 13173K [0x00000006c0000000, 0x00000007c0000000)
  region size 1024K, 5 young (5120K), 5 survivors (5120K)
 Metaspace       used 32490K, capacity 33396K, committed 33456K, reserved 1079296K
  class space    used 3965K, capacity 4328K, committed 4352K, reserved 1048576K
}
Event: 1.567 GC heap before
{Heap before GC invocations=9 (full 0):
 garbage-first heap   total 150528K, used 60277K [0x00000006c0000000, 0x00000007c0000000)
  region size 1024K, 53 young (54272K), 5 survivors (5120K)
 Metaspace       used 34785K, capacity 35727K, committed 35888K, reserved 1081344K
  class space    used 4252K, capacity 4637K, committed 4736K, reserved 1048576K
}
Event: 1.571 GC heap after
{Heap after GC invocations=10 (full 0):
 garbage-first heap   total 150528K, used 14334K [0x00000006c0000000, 0x00000007c0000000)
  region size 1024K, 6 young (6144K), 6 survivors (6144K)
 Metaspace       used 34785K, capacity 35727K, committed 35888K, reserved 1081344K
  class space    used 4252K, capacity 4637K, committed 4736K, reserved 1048576K
}
Event: 1.746 GC heap before
{Heap before GC invocations=11 (full 0):
 garbage-first heap   total 58368K, used 43006K [0x00000006c0000000, 0x00000007c0000000)
  region size 1024K, 34 young (34816K), 6 survivors (6144K)
 Metaspace       used 36655K, capacity 37781K, committed 37936K, reserved 1083392K
  class space    used 4516K, capacity 4970K, committed 4992K, reserved 1048576K
}
Event: 1.749 GC heap after
{Heap after GC invocations=12 (full 0):
 garbage-first heap   total 58368K, used 15865K [0x00000006c0000000, 0x00000007c0000000)
  region size 1024K, 3 young (3072K), 3 survivors (3072K)
 Metaspace       used 36655K, capacity 37781K, committed 37936K, reserved 1083392K
  class space    used 4516K, capacity 4970K, committed 4992K, reserved 1048576K
}

